[debug] [2021-09-15T15:17:06.567Z] ----------------------------------------------------------------------
[debug] [2021-09-15T15:17:06.576Z] Command:       C:\Program Files\nodejs\node.exe C:\Users\Dell\AppData\Roaming\npm\node_modules\firebase-tools\lib\bin\firebase.js emulators:start
[debug] [2021-09-15T15:17:06.577Z] CLI Version:   9.18.0
[debug] [2021-09-15T15:17:06.577Z] Platform:      win32
[debug] [2021-09-15T15:17:06.577Z] Node Version:  v14.17.5
[debug] [2021-09-15T15:17:06.579Z] Time:          Wed Sep 15 2021 20:47:06 GMT+0530 (India Standard Time)
[debug] [2021-09-15T15:17:06.580Z] ----------------------------------------------------------------------
[debug] 
[debug] [2021-09-15T15:17:06.586Z] >>> [apiv2][query] GET https://firebase-public.firebaseio.com/cli.json [none]
[debug] [2021-09-15T15:17:06.844Z] > command requires scopes: ["email","openid","https://www.googleapis.com/auth/cloudplatformprojects.readonly","https://www.googleapis.com/auth/firebase","https://www.googleapis.com/auth/cloud-platform"]
[debug] [2021-09-15T15:17:06.845Z] > authorizing via signed-in user (knitish123@gmail.com)
[info] i  emulators: Starting emulators: functions, hosting {"metadata":{"emulator":{"name":"hub"},"message":"Starting emulators: functions, hosting"}}
[debug] [2021-09-15T15:17:06.943Z] [hub] writing locator at C:\Users\Dell\AppData\Local\Temp\hub-challenge-44d4f.json
[warn] !  functions: The following emulators are not running, calls to these services from the Functions emulator will affect production: auth, firestore, database, pubsub, storage {"metadata":{"emulator":{"name":"functions"},"message":"The following emulators are not running, calls to these services from the Functions emulator will affect production: \u001b[1mauth, firestore, database, pubsub, storage\u001b[22m"}}
[info] +  functions: Using node@14 from host. {"metadata":{"emulator":{"name":"functions"},"message":"Using node@14 from host."}}
[debug] [2021-09-15T15:17:07.087Z] defaultcredentials: writing to file C:\Users\Dell\AppData\Roaming\firebase\knitish123_gmail_com_application_default_credentials.json
[debug] [2021-09-15T15:17:07.094Z] Setting GAC to C:\Users\Dell\AppData\Roaming\firebase\knitish123_gmail_com_application_default_credentials.json {"metadata":{"emulator":{"name":"functions"},"message":"Setting GAC to C:\\Users\\Dell\\AppData\\Roaming\\firebase\\knitish123_gmail_com_application_default_credentials.json"}}
[debug] [2021-09-15T15:17:07.097Z] > refreshing access token with scopes: []
[debug] [2021-09-15T15:17:07.099Z] >>> HTTP REQUEST POST https://www.googleapis.com/oauth2/v3/token  
 <request body omitted>
[debug] [2021-09-15T15:17:07.415Z] <<< HTTP RESPONSE 200 {"date":"Wed, 15 Sep 2021 15:18:04 GMT","cache-control":"no-cache, no-store, max-age=0, must-revalidate","expires":"Mon, 01 Jan 1990 00:00:00 GMT","pragma":"no-cache","content-type":"application/json; charset=utf-8","vary":"X-Origin, Referer, Origin,Accept-Encoding","server":"scaffolding on HTTPServer2","x-xss-protection":"0","x-frame-options":"SAMEORIGIN","x-content-type-options":"nosniff","alt-svc":"h3=\":443\"; ma=2592000,h3-29=\":443\"; ma=2592000,h3-T051=\":443\"; ma=2592000,h3-Q050=\":443\"; ma=2592000,h3-Q046=\":443\"; ma=2592000,h3-Q043=\":443\"; ma=2592000,quic=\":443\"; ma=2592000; v=\"46,43\"","accept-ranges":"none","transfer-encoding":"chunked"}
[debug] [2021-09-15T15:17:07.716Z] >>> [apiv2][query] GET https://firebase.googleapis.com/v1beta1/projects/challenge-44d4f/adminSdkConfig [none]
[debug] [2021-09-15T15:17:08.522Z] <<< [apiv2][status] GET https://firebase.googleapis.com/v1beta1/projects/challenge-44d4f/adminSdkConfig 200
[debug] [2021-09-15T15:17:08.522Z] <<< [apiv2][body] GET https://firebase.googleapis.com/v1beta1/projects/challenge-44d4f/adminSdkConfig {"projectId":"challenge-44d4f","storageBucket":"challenge-44d4f.appspot.com"}
[debug] [2021-09-15T15:17:08.565Z] >>> [apiv2][query] GET https://firebasehosting.googleapis.com/v1beta1/projects/challenge-44d4f/sites 
[debug] [2021-09-15T15:17:10.499Z] <<< [apiv2][status] GET https://firebasehosting.googleapis.com/v1beta1/projects/challenge-44d4f/sites 200
[debug] [2021-09-15T15:17:10.500Z] <<< [apiv2][body] GET https://firebasehosting.googleapis.com/v1beta1/projects/challenge-44d4f/sites {"sites":[{"name":"projects/125082241969/sites/challenge-44d4f","defaultUrl":"https://challenge-44d4f.web.app","appId":"1:125082241969:web:2c817243edc5ecb6678b90","type":"DEFAULT_SITE"}]}
[debug] [2021-09-15T15:17:10.500Z] >>> [apiv2][query] GET https://firebase.googleapis.com/v1beta1/projects/challenge-44d4f/webApps/1:125082241969:web:2c817243edc5ecb6678b90/config [none]
[debug] [2021-09-15T15:17:12.000Z] <<< [apiv2][status] GET https://firebase.googleapis.com/v1beta1/projects/challenge-44d4f/webApps/1:125082241969:web:2c817243edc5ecb6678b90/config 200
[debug] [2021-09-15T15:17:12.000Z] <<< [apiv2][body] GET https://firebase.googleapis.com/v1beta1/projects/challenge-44d4f/webApps/1:125082241969:web:2c817243edc5ecb6678b90/config {"projectId":"challenge-44d4f","appId":"1:125082241969:web:2c817243edc5ecb6678b90","storageBucket":"challenge-44d4f.appspot.com","apiKey":"AIzaSyBnA7OpkxCzLI8xD4xDwZH_SExSVzplvDw","authDomain":"challenge-44d4f.firebaseapp.com","messagingSenderId":"125082241969","measurementId":"G-CK5YZ31272"}
[info] i  hosting: Serving hosting files from: build {"metadata":{"emulator":{"name":"hosting"},"message":"Serving hosting files from: \u001b[1mbuild\u001b[22m"}}
[info] +  hosting: Local server: http://localhost:5000 {"metadata":{"emulator":{"name":"hosting"},"message":"Local server: \u001b[4m\u001b[1mhttp://localhost:5000\u001b[22m\u001b[24m"}}
[info] i  ui: downloading ui-v1.6.3.zip... {"metadata":{"emulator":{"name":"ui"},"message":"downloading ui-v1.6.3.zip..."}}
[debug] [2021-09-15T15:17:12.384Z] >>> [apiv2][query] GET https://storage.googleapis.com/firebase-preview-drop/emulator/ui-v1.6.3.zip 
[debug] [2021-09-15T15:17:13.023Z] <<< [apiv2][status] GET https://storage.googleapis.com/firebase-preview-drop/emulator/ui-v1.6.3.zip 200
[debug] [2021-09-15T15:17:13.024Z] <<< [apiv2][body] GET https://storage.googleapis.com/firebase-preview-drop/emulator/ui-v1.6.3.zip [stream]
[debug] [2021-09-15T15:17:14.522Z] Ignoring unsupported arg: auto_download {"metadata":{"emulator":{"name":"ui"},"message":"Ignoring unsupported arg: auto_download"}}
[debug] [2021-09-15T15:17:14.523Z] Ignoring unsupported arg: port {"metadata":{"emulator":{"name":"ui"},"message":"Ignoring unsupported arg: port"}}
[debug] [2021-09-15T15:17:14.523Z] Starting Emulator UI with command {"binary":"node","args":["C:\\Users\\Dell\\.cache\\firebase\\emulators\\ui-v1.6.3\\server.bundle.js"],"optionalArgs":[],"joinArgs":false} {"metadata":{"emulator":{"name":"ui"},"message":"Starting Emulator UI with command {\"binary\":\"node\",\"args\":[\"C:\\\\Users\\\\Dell\\\\.cache\\\\firebase\\\\emulators\\\\ui-v1.6.3\\\\server.bundle.js\"],\"optionalArgs\":[],\"joinArgs\":false}"}}
[info] i  ui: Emulator UI logging to ui-debug.log {"metadata":{"emulator":{"name":"ui"},"message":"Emulator UI logging to \u001b[1mui-debug.log\u001b[22m"}}
[debug] [2021-09-15T15:17:14.675Z] Web / API server started at localhost:4000
 {"metadata":{"emulator":{"name":"ui"},"message":"Web / API server started at localhost:4000\n"}}
[info] i  functions: Watching "E:\Amazon\functions" for Cloud Functions... {"metadata":{"emulator":{"name":"functions"},"message":"Watching \"E:\\Amazon\\functions\" for Cloud Functions..."}}
[debug] [2021-09-15T15:17:14.909Z] [worker-pool] addWorker(~diagnostic~) {"metadata":{"emulator":{"name":"functions"},"message":"[worker-pool] addWorker(~diagnostic~)"}}
[debug] [2021-09-15T15:17:14.909Z] [worker-pool] Adding worker with key ~diagnostic~, total=1 {"metadata":{"emulator":{"name":"functions"},"message":"[worker-pool] Adding worker with key ~diagnostic~, total=1"}}
[debug] [2021-09-15T15:17:14.909Z] [worker-pool] submitWork(triggerId=) {"metadata":{"emulator":{"name":"functions"},"message":"[worker-pool] submitWork(triggerId=)"}}
[debug] [2021-09-15T15:17:14.910Z] [worker-~diagnostic~-cc4d276d-3604-4de0-a5e9-5fa4fc2eded7]: Assigning socketPath: \\?\pipe\E:\Amazon\functions\3012 {"metadata":{"emulator":{"name":"functions"},"message":"[worker-~diagnostic~-cc4d276d-3604-4de0-a5e9-5fa4fc2eded7]: Assigning socketPath: \\\\?\\pipe\\E:\\Amazon\\functions\\3012"}}
[debug] [2021-09-15T15:17:14.910Z] [worker-~diagnostic~-cc4d276d-3604-4de0-a5e9-5fa4fc2eded7]: BUSY {"metadata":{"emulator":{"name":"functions"},"message":"[worker-~diagnostic~-cc4d276d-3604-4de0-a5e9-5fa4fc2eded7]: BUSY"}}
[debug] [2021-09-15T15:17:15.428Z] [runtime-status] [3012] Functions runtime initialized. {"cwd":"E:\\Amazon\\functions","node_version":"14.17.5"} {"metadata":{"emulator":{"name":"functions"},"message":"[runtime-status] [3012] Functions runtime initialized. {\"cwd\":\"E:\\\\Amazon\\\\functions\",\"node_version\":\"14.17.5\"}"}}
[debug] [2021-09-15T15:17:15.432Z] [runtime-status] [3012] Disabled runtime features: undefined {"metadata":{"emulator":{"name":"functions"},"message":"[runtime-status] [3012] Disabled runtime features: undefined"}}
[debug] [2021-09-15T15:17:15.436Z] [runtime-status] [3012] Resolved module firebase-admin {"declared":true,"installed":true,"version":"9.11.1","resolution":"E:\\Amazon\\functions\\node_modules\\firebase-admin\\lib\\index.js"} {"metadata":{"emulator":{"name":"functions"},"message":"[runtime-status] [3012] Resolved module firebase-admin {\"declared\":true,\"installed\":true,\"version\":\"9.11.1\",\"resolution\":\"E:\\\\Amazon\\\\functions\\\\node_modules\\\\firebase-admin\\\\lib\\\\index.js\"}"}}
[debug] [2021-09-15T15:17:15.442Z] [runtime-status] [3012] Resolved module firebase-functions {"declared":true,"installed":true,"version":"3.15.5","resolution":"E:\\Amazon\\functions\\node_modules\\firebase-functions\\lib\\index.js"} {"metadata":{"emulator":{"name":"functions"},"message":"[runtime-status] [3012] Resolved module firebase-functions {\"declared\":true,\"installed\":true,\"version\":\"3.15.5\",\"resolution\":\"E:\\\\Amazon\\\\functions\\\\node_modules\\\\firebase-functions\\\\lib\\\\index.js\"}"}}
[debug] [2021-09-15T15:17:15.444Z] [runtime-status] [3012] Resolved module firebase-functions {"declared":true,"installed":true,"version":"3.15.5","resolution":"E:\\Amazon\\functions\\node_modules\\firebase-functions\\lib\\index.js"} {"metadata":{"emulator":{"name":"functions"},"message":"[runtime-status] [3012] Resolved module firebase-functions {\"declared\":true,\"installed\":true,\"version\":\"3.15.5\",\"resolution\":\"E:\\\\Amazon\\\\functions\\\\node_modules\\\\firebase-functions\\\\lib\\\\index.js\"}"}}
[debug] [2021-09-15T15:17:15.446Z] [runtime-status] [3012] Outgoing network have been stubbed. [{"name":"http","status":"mocked"},{"name":"http","status":"mocked"},{"name":"https","status":"mocked"},{"name":"https","status":"mocked"},{"name":"net","status":"mocked"}] {"metadata":{"emulator":{"name":"functions"},"message":"[runtime-status] [3012] Outgoing network have been stubbed. [{\"name\":\"http\",\"status\":\"mocked\"},{\"name\":\"http\",\"status\":\"mocked\"},{\"name\":\"https\",\"status\":\"mocked\"},{\"name\":\"https\",\"status\":\"mocked\"},{\"name\":\"net\",\"status\":\"mocked\"}]"}}
[debug] [2021-09-15T15:17:15.446Z] [runtime-status] [3012] Resolved module firebase-functions {"declared":true,"installed":true,"version":"3.15.5","resolution":"E:\\Amazon\\functions\\node_modules\\firebase-functions\\lib\\index.js"} {"metadata":{"emulator":{"name":"functions"},"message":"[runtime-status] [3012] Resolved module firebase-functions {\"declared\":true,\"installed\":true,\"version\":\"3.15.5\",\"resolution\":\"E:\\\\Amazon\\\\functions\\\\node_modules\\\\firebase-functions\\\\lib\\\\index.js\"}"}}
[debug] [2021-09-15T15:17:15.842Z] [runtime-status] [3012] Checked functions.config() {"config":{}} {"metadata":{"emulator":{"name":"functions"},"message":"[runtime-status] [3012] Checked functions.config() {\"config\":{}}"}}
[debug] [2021-09-15T15:17:15.842Z] [runtime-status] [3012] firebase-functions has been stubbed. {"functionsResolution":{"declared":true,"installed":true,"version":"3.15.5","resolution":"E:\\Amazon\\functions\\node_modules\\firebase-functions\\lib\\index.js"}} {"metadata":{"emulator":{"name":"functions"},"message":"[runtime-status] [3012] firebase-functions has been stubbed. {\"functionsResolution\":{\"declared\":true,\"installed\":true,\"version\":\"3.15.5\",\"resolution\":\"E:\\\\Amazon\\\\functions\\\\node_modules\\\\firebase-functions\\\\lib\\\\index.js\"}}"}}
[debug] [2021-09-15T15:17:15.844Z] [runtime-status] [3012] Resolved module firebase-functions {"declared":true,"installed":true,"version":"3.15.5","resolution":"E:\\Amazon\\functions\\node_modules\\firebase-functions\\lib\\index.js"} {"metadata":{"emulator":{"name":"functions"},"message":"[runtime-status] [3012] Resolved module firebase-functions {\"declared\":true,\"installed\":true,\"version\":\"3.15.5\",\"resolution\":\"E:\\\\Amazon\\\\functions\\\\node_modules\\\\firebase-functions\\\\lib\\\\index.js\"}"}}
[debug] [2021-09-15T15:17:15.846Z] [runtime-status] [3012] Resolved module firebase-admin {"declared":true,"installed":true,"version":"9.11.1","resolution":"E:\\Amazon\\functions\\node_modules\\firebase-admin\\lib\\index.js"} {"metadata":{"emulator":{"name":"functions"},"message":"[runtime-status] [3012] Resolved module firebase-admin {\"declared\":true,\"installed\":true,\"version\":\"9.11.1\",\"resolution\":\"E:\\\\Amazon\\\\functions\\\\node_modules\\\\firebase-admin\\\\lib\\\\index.js\"}"}}
[debug] [2021-09-15T15:17:15.848Z] [runtime-status] [3012] Resolved module firebase-functions {"declared":true,"installed":true,"version":"3.15.5","resolution":"E:\\Amazon\\functions\\node_modules\\firebase-functions\\lib\\index.js"} {"metadata":{"emulator":{"name":"functions"},"message":"[runtime-status] [3012] Resolved module firebase-functions {\"declared\":true,\"installed\":true,\"version\":\"3.15.5\",\"resolution\":\"E:\\\\Amazon\\\\functions\\\\node_modules\\\\firebase-functions\\\\lib\\\\index.js\"}"}}
[debug] [2021-09-15T15:17:15.848Z] [runtime-status] [3012] firebase-admin has been stubbed. {"adminResolution":{"declared":true,"installed":true,"version":"9.11.1","resolution":"E:\\Amazon\\functions\\node_modules\\firebase-admin\\lib\\index.js"}} {"metadata":{"emulator":{"name":"functions"},"message":"[runtime-status] [3012] firebase-admin has been stubbed. {\"adminResolution\":{\"declared\":true,\"installed\":true,\"version\":\"9.11.1\",\"resolution\":\"E:\\\\Amazon\\\\functions\\\\node_modules\\\\firebase-admin\\\\lib\\\\index.js\"}}"}}
[info] +  functions[us-central1-api]: http function initialized (http://localhost:5001/challenge-44d4f/us-central1/api). {"metadata":{"emulator":{"name":"functions"},"message":"\u001b[1mhttp\u001b[22m function initialized (http://localhost:5001/challenge-44d4f/us-central1/api)."}}
[info] 
┌─────────────────────────────────────────────────────────────┐
│ ✔  All emulators ready! It is now safe to connect your app. │
│ i  View Emulator UI at http://localhost:4000                │
└─────────────────────────────────────────────────────────────┘

┌───────────┬────────────────┬─────────────────────────────────┐
│ Emulator  │ Host:Port      │ View in Emulator UI             │
├───────────┼────────────────┼─────────────────────────────────┤
│ Functions │ localhost:5001 │ http://localhost:4000/functions │
├───────────┼────────────────┼─────────────────────────────────┤
│ Hosting   │ localhost:5000 │ n/a                             │
└───────────┴────────────────┴─────────────────────────────────┘
  Emulator Hub running at localhost:4400
  Other reserved ports: 4500

Issues? Report them at https://github.com/firebase/firebase-tools/issues and attach the *-debug.log files.
 
[debug] [2021-09-15T15:17:17.040Z] [worker-~diagnostic~-cc4d276d-3604-4de0-a5e9-5fa4fc2eded7]: IDLE {"metadata":{"emulator":{"name":"functions"},"message":"[worker-~diagnostic~-cc4d276d-3604-4de0-a5e9-5fa4fc2eded7]: IDLE"}}
[debug] [2021-09-15T15:21:32.551Z] [work-queue] {"queueLength":1,"workRunningCount":0}
[debug] [2021-09-15T15:21:32.552Z] [work-queue] {"queueLength":0,"workRunningCount":1}
[debug] [2021-09-15T15:21:32.552Z] Accepted request GET /challenge-44d4f/us-central1/api --> us-central1-api
[debug] [2021-09-15T15:21:32.561Z] [worker-pool] addWorker(us-central1-api) {"metadata":{"emulator":{"name":"functions"},"message":"[worker-pool] addWorker(us-central1-api)"}}
[debug] [2021-09-15T15:21:32.562Z] [worker-pool] Adding worker with key us-central1-api, total=1 {"metadata":{"emulator":{"name":"functions"},"message":"[worker-pool] Adding worker with key us-central1-api, total=1"}}
[debug] [2021-09-15T15:21:32.562Z] [worker-pool] submitWork(triggerId=us-central1-api) {"metadata":{"emulator":{"name":"functions"},"message":"[worker-pool] submitWork(triggerId=us-central1-api)"}}
[debug] [2021-09-15T15:21:32.562Z] [worker-us-central1-api-ea53d7ee-aefc-4b16-aa31-05cb7872da82]: Assigning socketPath: \\?\pipe\E:\Amazon\functions\13076 {"metadata":{"emulator":{"name":"functions"},"message":"[worker-us-central1-api-ea53d7ee-aefc-4b16-aa31-05cb7872da82]: Assigning socketPath: \\\\?\\pipe\\E:\\Amazon\\functions\\13076"}}
[debug] [2021-09-15T15:21:32.562Z] [worker-us-central1-api-ea53d7ee-aefc-4b16-aa31-05cb7872da82]: BUSY {"metadata":{"emulator":{"name":"functions"},"message":"[worker-us-central1-api-ea53d7ee-aefc-4b16-aa31-05cb7872da82]: BUSY"}}
[debug] [2021-09-15T15:21:33.057Z] [runtime-status] [13076] Functions runtime initialized. {"cwd":"E:\\Amazon\\functions","node_version":"14.17.5"} {"metadata":{"emulator":{"name":"functions"},"function":{"name":"us-central1-api"},"message":"[runtime-status] [13076] Functions runtime initialized. {\"cwd\":\"E:\\\\Amazon\\\\functions\",\"node_version\":\"14.17.5\"}"}}
[debug] [2021-09-15T15:21:33.063Z] [runtime-status] [13076] Disabled runtime features: undefined {"metadata":{"emulator":{"name":"functions"},"function":{"name":"us-central1-api"},"message":"[runtime-status] [13076] Disabled runtime features: undefined"}}
[debug] [2021-09-15T15:21:33.067Z] [runtime-status] [13076] Resolved module firebase-admin {"declared":true,"installed":true,"version":"9.11.1","resolution":"E:\\Amazon\\functions\\node_modules\\firebase-admin\\lib\\index.js"} {"metadata":{"emulator":{"name":"functions"},"function":{"name":"us-central1-api"},"message":"[runtime-status] [13076] Resolved module firebase-admin {\"declared\":true,\"installed\":true,\"version\":\"9.11.1\",\"resolution\":\"E:\\\\Amazon\\\\functions\\\\node_modules\\\\firebase-admin\\\\lib\\\\index.js\"}"}}
[debug] [2021-09-15T15:21:33.072Z] [runtime-status] [13076] Resolved module firebase-functions {"declared":true,"installed":true,"version":"3.15.5","resolution":"E:\\Amazon\\functions\\node_modules\\firebase-functions\\lib\\index.js"} {"metadata":{"emulator":{"name":"functions"},"function":{"name":"us-central1-api"},"message":"[runtime-status] [13076] Resolved module firebase-functions {\"declared\":true,\"installed\":true,\"version\":\"3.15.5\",\"resolution\":\"E:\\\\Amazon\\\\functions\\\\node_modules\\\\firebase-functions\\\\lib\\\\index.js\"}"}}
[debug] [2021-09-15T15:21:33.076Z] [runtime-status] [13076] Resolved module firebase-functions {"declared":true,"installed":true,"version":"3.15.5","resolution":"E:\\Amazon\\functions\\node_modules\\firebase-functions\\lib\\index.js"} {"metadata":{"emulator":{"name":"functions"},"function":{"name":"us-central1-api"},"message":"[runtime-status] [13076] Resolved module firebase-functions {\"declared\":true,\"installed\":true,\"version\":\"3.15.5\",\"resolution\":\"E:\\\\Amazon\\\\functions\\\\node_modules\\\\firebase-functions\\\\lib\\\\index.js\"}"}}
[debug] [2021-09-15T15:21:33.078Z] [runtime-status] [13076] Outgoing network have been stubbed. [{"name":"http","status":"mocked"},{"name":"http","status":"mocked"},{"name":"https","status":"mocked"},{"name":"https","status":"mocked"},{"name":"net","status":"mocked"}] {"metadata":{"emulator":{"name":"functions"},"function":{"name":"us-central1-api"},"message":"[runtime-status] [13076] Outgoing network have been stubbed. [{\"name\":\"http\",\"status\":\"mocked\"},{\"name\":\"http\",\"status\":\"mocked\"},{\"name\":\"https\",\"status\":\"mocked\"},{\"name\":\"https\",\"status\":\"mocked\"},{\"name\":\"net\",\"status\":\"mocked\"}]"}}
[debug] [2021-09-15T15:21:33.079Z] [runtime-status] [13076] Resolved module firebase-functions {"declared":true,"installed":true,"version":"3.15.5","resolution":"E:\\Amazon\\functions\\node_modules\\firebase-functions\\lib\\index.js"} {"metadata":{"emulator":{"name":"functions"},"function":{"name":"us-central1-api"},"message":"[runtime-status] [13076] Resolved module firebase-functions {\"declared\":true,\"installed\":true,\"version\":\"3.15.5\",\"resolution\":\"E:\\\\Amazon\\\\functions\\\\node_modules\\\\firebase-functions\\\\lib\\\\index.js\"}"}}
[debug] [2021-09-15T15:21:33.147Z] [runtime-status] [13076] Checked functions.config() {"config":{}} {"metadata":{"emulator":{"name":"functions"},"function":{"name":"us-central1-api"},"message":"[runtime-status] [13076] Checked functions.config() {\"config\":{}}"}}
[debug] [2021-09-15T15:21:33.147Z] [runtime-status] [13076] firebase-functions has been stubbed. {"functionsResolution":{"declared":true,"installed":true,"version":"3.15.5","resolution":"E:\\Amazon\\functions\\node_modules\\firebase-functions\\lib\\index.js"}} {"metadata":{"emulator":{"name":"functions"},"function":{"name":"us-central1-api"},"message":"[runtime-status] [13076] firebase-functions has been stubbed. {\"functionsResolution\":{\"declared\":true,\"installed\":true,\"version\":\"3.15.5\",\"resolution\":\"E:\\\\Amazon\\\\functions\\\\node_modules\\\\firebase-functions\\\\lib\\\\index.js\"}}"}}
[debug] [2021-09-15T15:21:33.149Z] [runtime-status] [13076] Resolved module firebase-functions {"declared":true,"installed":true,"version":"3.15.5","resolution":"E:\\Amazon\\functions\\node_modules\\firebase-functions\\lib\\index.js"} {"metadata":{"emulator":{"name":"functions"},"function":{"name":"us-central1-api"},"message":"[runtime-status] [13076] Resolved module firebase-functions {\"declared\":true,\"installed\":true,\"version\":\"3.15.5\",\"resolution\":\"E:\\\\Amazon\\\\functions\\\\node_modules\\\\firebase-functions\\\\lib\\\\index.js\"}"}}
[debug] [2021-09-15T15:21:33.151Z] [runtime-status] [13076] Resolved module firebase-admin {"declared":true,"installed":true,"version":"9.11.1","resolution":"E:\\Amazon\\functions\\node_modules\\firebase-admin\\lib\\index.js"} {"metadata":{"emulator":{"name":"functions"},"function":{"name":"us-central1-api"},"message":"[runtime-status] [13076] Resolved module firebase-admin {\"declared\":true,\"installed\":true,\"version\":\"9.11.1\",\"resolution\":\"E:\\\\Amazon\\\\functions\\\\node_modules\\\\firebase-admin\\\\lib\\\\index.js\"}"}}
[debug] [2021-09-15T15:21:33.152Z] [runtime-status] [13076] Resolved module firebase-functions {"declared":true,"installed":true,"version":"3.15.5","resolution":"E:\\Amazon\\functions\\node_modules\\firebase-functions\\lib\\index.js"} {"metadata":{"emulator":{"name":"functions"},"function":{"name":"us-central1-api"},"message":"[runtime-status] [13076] Resolved module firebase-functions {\"declared\":true,\"installed\":true,\"version\":\"3.15.5\",\"resolution\":\"E:\\\\Amazon\\\\functions\\\\node_modules\\\\firebase-functions\\\\lib\\\\index.js\"}"}}
[debug] [2021-09-15T15:21:33.152Z] [runtime-status] [13076] firebase-admin has been stubbed. {"adminResolution":{"declared":true,"installed":true,"version":"9.11.1","resolution":"E:\\Amazon\\functions\\node_modules\\firebase-admin\\lib\\index.js"}} {"metadata":{"emulator":{"name":"functions"},"function":{"name":"us-central1-api"},"message":"[runtime-status] [13076] firebase-admin has been stubbed. {\"adminResolution\":{\"declared\":true,\"installed\":true,\"version\":\"9.11.1\",\"resolution\":\"E:\\\\Amazon\\\\functions\\\\node_modules\\\\firebase-admin\\\\lib\\\\index.js\"}}"}}
[debug] [2021-09-15T15:21:33.356Z] [runtime-status] [13076] Trigger "us-central1-api" has been found, beginning invocation! {"metadata":{"emulator":{"name":"functions"},"function":{"name":"us-central1-api"},"message":"[runtime-status] [13076] Trigger \"us-central1-api\" has been found, beginning invocation!"}}
[info] i  functions: Beginning execution of "us-central1-api" {"metadata":{"emulator":{"name":"functions"},"function":{"name":"us-central1-api"},"message":"Beginning execution of \"us-central1-api\""}}
[debug] [2021-09-15T15:21:33.357Z] [runtime-status] [13076] triggerDefinition {"httpsTrigger":{},"name":"api","entryPoint":"api","regions":["us-central1"],"region":"us-central1","id":"us-central1-api"} {"metadata":{"emulator":{"name":"functions"},"function":{"name":"us-central1-api"},"message":"[runtime-status] [13076] triggerDefinition {\"httpsTrigger\":{},\"name\":\"api\",\"entryPoint\":\"api\",\"regions\":[\"us-central1\"],\"region\":\"us-central1\",\"id\":\"us-central1-api\"}"}}
[debug] [2021-09-15T15:21:33.357Z] [runtime-status] [13076] Running us-central1-api in mode HTTPS {"metadata":{"emulator":{"name":"functions"},"function":{"name":"us-central1-api"},"message":"[runtime-status] [13076] Running us-central1-api in mode HTTPS"}}
[debug] [2021-09-15T15:21:33.364Z] [runtime-status] [13076] Attempting to listen to socketPath: \\?\pipe\E:\Amazon\functions\13076 {"metadata":{"emulator":{"name":"functions"},"function":{"name":"us-central1-api"},"message":"[runtime-status] [13076] Attempting to listen to socketPath: \\\\?\\pipe\\E:\\Amazon\\functions\\13076"}}
[debug] [2021-09-15T15:21:33.367Z] [functions] Runtime ready! Sending request! {"metadata":{"emulator":{"name":"functions"},"message":"[functions] Runtime ready! Sending request!"}}
[debug] [2021-09-15T15:21:33.368Z] [functions] Got req.url=/challenge-44d4f/us-central1/api, mapping to path=/ {"metadata":{"emulator":{"name":"functions"},"message":"[functions] Got req.url=/challenge-44d4f/us-central1/api, mapping to path=/"}}
[debug] [2021-09-15T15:21:33.375Z] [runtime-status] [13076] Ephemeral server handling GET request {"metadata":{"emulator":{"name":"functions"},"function":{"name":"us-central1-api"},"message":"[runtime-status] [13076] Ephemeral server handling GET request"}}
[debug] [2021-09-15T15:21:33.378Z] [runtime-status] [13076] Ephemeral server survived. {"metadata":{"emulator":{"name":"functions"},"function":{"name":"us-central1-api"},"message":"[runtime-status] [13076] Ephemeral server survived."}}
[info] >  ReferenceError: res is not defined {"user":"ReferenceError: res is not defined","metadata":{"emulator":{"name":"functions"},"function":{"name":"us-central1-api"},"message":"\u001b[90m> \u001b[39m ReferenceError: res is not defined"}}
[info] >      at E:\Amazon\functions\index.js:21:53 {"user":"    at E:\\Amazon\\functions\\index.js:21:53","metadata":{"emulator":{"name":"functions"},"function":{"name":"us-central1-api"},"message":"\u001b[90m> \u001b[39m     at E:\\Amazon\\functions\\index.js:21:53"}}
[info] >      at Layer.handle [as handle_request] (E:\Amazon\functions\node_modules\express\lib\router\layer.js:95:5) {"user":"    at Layer.handle [as handle_request] (E:\\Amazon\\functions\\node_modules\\express\\lib\\router\\layer.js:95:5)","metadata":{"emulator":{"name":"functions"},"function":{"name":"us-central1-api"},"message":"\u001b[90m> \u001b[39m     at Layer.handle [as handle_request] (E:\\Amazon\\functions\\node_modules\\express\\lib\\router\\layer.js:95:5)"}}
[info] >      at next (E:\Amazon\functions\node_modules\express\lib\router\route.js:137:13) {"user":"    at next (E:\\Amazon\\functions\\node_modules\\express\\lib\\router\\route.js:137:13)","metadata":{"emulator":{"name":"functions"},"function":{"name":"us-central1-api"},"message":"\u001b[90m> \u001b[39m     at next (E:\\Amazon\\functions\\node_modules\\express\\lib\\router\\route.js:137:13)"}}
[info] >      at Route.dispatch (E:\Amazon\functions\node_modules\express\lib\router\route.js:112:3) {"user":"    at Route.dispatch (E:\\Amazon\\functions\\node_modules\\express\\lib\\router\\route.js:112:3)","metadata":{"emulator":{"name":"functions"},"function":{"name":"us-central1-api"},"message":"\u001b[90m> \u001b[39m     at Route.dispatch (E:\\Amazon\\functions\\node_modules\\express\\lib\\router\\route.js:112:3)"}}
[info] >      at Layer.handle [as handle_request] (E:\Amazon\functions\node_modules\express\lib\router\layer.js:95:5) {"user":"    at Layer.handle [as handle_request] (E:\\Amazon\\functions\\node_modules\\express\\lib\\router\\layer.js:95:5)","metadata":{"emulator":{"name":"functions"},"function":{"name":"us-central1-api"},"message":"\u001b[90m> \u001b[39m     at Layer.handle [as handle_request] (E:\\Amazon\\functions\\node_modules\\express\\lib\\router\\layer.js:95:5)"}}
[info] >      at E:\Amazon\functions\node_modules\express\lib\router\index.js:281:22 {"user":"    at E:\\Amazon\\functions\\node_modules\\express\\lib\\router\\index.js:281:22","metadata":{"emulator":{"name":"functions"},"function":{"name":"us-central1-api"},"message":"\u001b[90m> \u001b[39m     at E:\\Amazon\\functions\\node_modules\\express\\lib\\router\\index.js:281:22"}}
[info] >      at Function.process_params (E:\Amazon\functions\node_modules\express\lib\router\index.js:335:12) {"user":"    at Function.process_params (E:\\Amazon\\functions\\node_modules\\express\\lib\\router\\index.js:335:12)","metadata":{"emulator":{"name":"functions"},"function":{"name":"us-central1-api"},"message":"\u001b[90m> \u001b[39m     at Function.process_params (E:\\Amazon\\functions\\node_modules\\express\\lib\\router\\index.js:335:12)"}}
[info] >      at next (E:\Amazon\functions\node_modules\express\lib\router\index.js:275:10) {"user":"    at next (E:\\Amazon\\functions\\node_modules\\express\\lib\\router\\index.js:275:10)","metadata":{"emulator":{"name":"functions"},"function":{"name":"us-central1-api"},"message":"\u001b[90m> \u001b[39m     at next (E:\\Amazon\\functions\\node_modules\\express\\lib\\router\\index.js:275:10)"}}
[info] >      at jsonParser (E:\Amazon\functions\node_modules\body-parser\lib\types\json.js:110:7) {"user":"    at jsonParser (E:\\Amazon\\functions\\node_modules\\body-parser\\lib\\types\\json.js:110:7)","metadata":{"emulator":{"name":"functions"},"function":{"name":"us-central1-api"},"message":"\u001b[90m> \u001b[39m     at jsonParser (E:\\Amazon\\functions\\node_modules\\body-parser\\lib\\types\\json.js:110:7)"}}
[info] >      at Layer.handle [as handle_request] (E:\Amazon\functions\node_modules\express\lib\router\layer.js:95:5) {"user":"    at Layer.handle [as handle_request] (E:\\Amazon\\functions\\node_modules\\express\\lib\\router\\layer.js:95:5)","metadata":{"emulator":{"name":"functions"},"function":{"name":"us-central1-api"},"message":"\u001b[90m> \u001b[39m     at Layer.handle [as handle_request] (E:\\Amazon\\functions\\node_modules\\express\\lib\\router\\layer.js:95:5)"}}
[info] i  functions: Finished "us-central1-api" in ~1s {"metadata":{"emulator":{"name":"functions"},"function":{"name":"us-central1-api"},"message":"Finished \"us-central1-api\" in ~1s"}}
[debug] [2021-09-15T15:21:33.397Z] [worker-us-central1-api-ea53d7ee-aefc-4b16-aa31-05cb7872da82]: IDLE {"metadata":{"emulator":{"name":"functions"},"message":"[worker-us-central1-api-ea53d7ee-aefc-4b16-aa31-05cb7872da82]: IDLE"}}
[debug] [2021-09-15T15:21:33.398Z] [work-queue] {"queueLength":0,"workRunningCount":0}
[debug] [2021-09-15T15:21:43.718Z] File E:\Amazon\functions\index.js changed, reloading triggers {"metadata":{"emulator":{"name":"functions"},"message":"File E:\\Amazon\\functions\\index.js changed, reloading triggers"}}
[debug] [2021-09-15T15:21:43.940Z] File E:\Amazon\functions\index.js changed, reloading triggers {"metadata":{"emulator":{"name":"functions"},"message":"File E:\\Amazon\\functions\\index.js changed, reloading triggers"}}
[debug] [2021-09-15T15:21:44.946Z] [worker-pool] Shutting down IDLE worker (~diagnostic~) {"metadata":{"emulator":{"name":"functions"},"message":"[worker-pool] Shutting down IDLE worker (~diagnostic~)"}}
[debug] [2021-09-15T15:21:44.947Z] [worker-~diagnostic~-cc4d276d-3604-4de0-a5e9-5fa4fc2eded7]: FINISHING {"metadata":{"emulator":{"name":"functions"},"message":"[worker-~diagnostic~-cc4d276d-3604-4de0-a5e9-5fa4fc2eded7]: FINISHING"}}
[debug] [2021-09-15T15:21:44.947Z] [worker-pool] Shutting down IDLE worker (us-central1-api) {"metadata":{"emulator":{"name":"functions"},"message":"[worker-pool] Shutting down IDLE worker (us-central1-api)"}}
[debug] [2021-09-15T15:21:44.947Z] [worker-us-central1-api-ea53d7ee-aefc-4b16-aa31-05cb7872da82]: FINISHING {"metadata":{"emulator":{"name":"functions"},"message":"[worker-us-central1-api-ea53d7ee-aefc-4b16-aa31-05cb7872da82]: FINISHING"}}
[debug] [2021-09-15T15:21:44.954Z] [worker-pool] addWorker(~diagnostic~) {"metadata":{"emulator":{"name":"functions"},"message":"[worker-pool] addWorker(~diagnostic~)"}}
[debug] [2021-09-15T15:21:44.954Z] [worker-pool] Adding worker with key ~diagnostic~, total=2 {"metadata":{"emulator":{"name":"functions"},"message":"[worker-pool] Adding worker with key ~diagnostic~, total=2"}}
[debug] [2021-09-15T15:21:44.954Z] [worker-pool] submitWork(triggerId=) {"metadata":{"emulator":{"name":"functions"},"message":"[worker-pool] submitWork(triggerId=)"}}
[debug] [2021-09-15T15:21:44.954Z] [worker-~diagnostic~-f25c64f0-6ef3-4e8f-9b5a-0b1e4c851faf]: Assigning socketPath: \\?\pipe\E:\Amazon\functions\5828 {"metadata":{"emulator":{"name":"functions"},"message":"[worker-~diagnostic~-f25c64f0-6ef3-4e8f-9b5a-0b1e4c851faf]: Assigning socketPath: \\\\?\\pipe\\E:\\Amazon\\functions\\5828"}}
[debug] [2021-09-15T15:21:44.955Z] [worker-~diagnostic~-f25c64f0-6ef3-4e8f-9b5a-0b1e4c851faf]: BUSY {"metadata":{"emulator":{"name":"functions"},"message":"[worker-~diagnostic~-f25c64f0-6ef3-4e8f-9b5a-0b1e4c851faf]: BUSY"}}
[debug] [2021-09-15T15:21:44.958Z] [worker-us-central1-api-ea53d7ee-aefc-4b16-aa31-05cb7872da82]: exited {"metadata":{"emulator":{"name":"functions"},"message":"[worker-us-central1-api-ea53d7ee-aefc-4b16-aa31-05cb7872da82]: exited"}}
[debug] [2021-09-15T15:21:44.958Z] [worker-us-central1-api-ea53d7ee-aefc-4b16-aa31-05cb7872da82]: FINISHED {"metadata":{"emulator":{"name":"functions"},"message":"[worker-us-central1-api-ea53d7ee-aefc-4b16-aa31-05cb7872da82]: FINISHED"}}
[debug] [2021-09-15T15:21:44.962Z] [worker-~diagnostic~-cc4d276d-3604-4de0-a5e9-5fa4fc2eded7]: exited {"metadata":{"emulator":{"name":"functions"},"message":"[worker-~diagnostic~-cc4d276d-3604-4de0-a5e9-5fa4fc2eded7]: exited"}}
[debug] [2021-09-15T15:21:44.962Z] [worker-~diagnostic~-cc4d276d-3604-4de0-a5e9-5fa4fc2eded7]: FINISHED {"metadata":{"emulator":{"name":"functions"},"message":"[worker-~diagnostic~-cc4d276d-3604-4de0-a5e9-5fa4fc2eded7]: FINISHED"}}
[debug] [2021-09-15T15:21:45.707Z] [runtime-status] [5828] Functions runtime initialized. {"cwd":"E:\\Amazon\\functions","node_version":"14.17.5"} {"metadata":{"emulator":{"name":"functions"},"message":"[runtime-status] [5828] Functions runtime initialized. {\"cwd\":\"E:\\\\Amazon\\\\functions\",\"node_version\":\"14.17.5\"}"}}
[debug] [2021-09-15T15:21:45.713Z] [runtime-status] [5828] Disabled runtime features: undefined {"metadata":{"emulator":{"name":"functions"},"message":"[runtime-status] [5828] Disabled runtime features: undefined"}}
[debug] [2021-09-15T15:21:45.717Z] [runtime-status] [5828] Resolved module firebase-admin {"declared":true,"installed":true,"version":"9.11.1","resolution":"E:\\Amazon\\functions\\node_modules\\firebase-admin\\lib\\index.js"} {"metadata":{"emulator":{"name":"functions"},"message":"[runtime-status] [5828] Resolved module firebase-admin {\"declared\":true,\"installed\":true,\"version\":\"9.11.1\",\"resolution\":\"E:\\\\Amazon\\\\functions\\\\node_modules\\\\firebase-admin\\\\lib\\\\index.js\"}"}}
[debug] [2021-09-15T15:21:45.720Z] [runtime-status] [5828] Resolved module firebase-functions {"declared":true,"installed":true,"version":"3.15.5","resolution":"E:\\Amazon\\functions\\node_modules\\firebase-functions\\lib\\index.js"} {"metadata":{"emulator":{"name":"functions"},"message":"[runtime-status] [5828] Resolved module firebase-functions {\"declared\":true,\"installed\":true,\"version\":\"3.15.5\",\"resolution\":\"E:\\\\Amazon\\\\functions\\\\node_modules\\\\firebase-functions\\\\lib\\\\index.js\"}"}}
[debug] [2021-09-15T15:21:45.726Z] [runtime-status] [5828] Resolved module firebase-functions {"declared":true,"installed":true,"version":"3.15.5","resolution":"E:\\Amazon\\functions\\node_modules\\firebase-functions\\lib\\index.js"} {"metadata":{"emulator":{"name":"functions"},"message":"[runtime-status] [5828] Resolved module firebase-functions {\"declared\":true,\"installed\":true,\"version\":\"3.15.5\",\"resolution\":\"E:\\\\Amazon\\\\functions\\\\node_modules\\\\firebase-functions\\\\lib\\\\index.js\"}"}}
[debug] [2021-09-15T15:21:45.729Z] [runtime-status] [5828] Outgoing network have been stubbed. [{"name":"http","status":"mocked"},{"name":"http","status":"mocked"},{"name":"https","status":"mocked"},{"name":"https","status":"mocked"},{"name":"net","status":"mocked"}] {"metadata":{"emulator":{"name":"functions"},"message":"[runtime-status] [5828] Outgoing network have been stubbed. [{\"name\":\"http\",\"status\":\"mocked\"},{\"name\":\"http\",\"status\":\"mocked\"},{\"name\":\"https\",\"status\":\"mocked\"},{\"name\":\"https\",\"status\":\"mocked\"},{\"name\":\"net\",\"status\":\"mocked\"}]"}}
[debug] [2021-09-15T15:21:45.730Z] [runtime-status] [5828] Resolved module firebase-functions {"declared":true,"installed":true,"version":"3.15.5","resolution":"E:\\Amazon\\functions\\node_modules\\firebase-functions\\lib\\index.js"} {"metadata":{"emulator":{"name":"functions"},"message":"[runtime-status] [5828] Resolved module firebase-functions {\"declared\":true,\"installed\":true,\"version\":\"3.15.5\",\"resolution\":\"E:\\\\Amazon\\\\functions\\\\node_modules\\\\firebase-functions\\\\lib\\\\index.js\"}"}}
[debug] [2021-09-15T15:21:45.798Z] [runtime-status] [5828] Checked functions.config() {"config":{}} {"metadata":{"emulator":{"name":"functions"},"message":"[runtime-status] [5828] Checked functions.config() {\"config\":{}}"}}
[debug] [2021-09-15T15:21:45.798Z] [runtime-status] [5828] firebase-functions has been stubbed. {"functionsResolution":{"declared":true,"installed":true,"version":"3.15.5","resolution":"E:\\Amazon\\functions\\node_modules\\firebase-functions\\lib\\index.js"}} {"metadata":{"emulator":{"name":"functions"},"message":"[runtime-status] [5828] firebase-functions has been stubbed. {\"functionsResolution\":{\"declared\":true,\"installed\":true,\"version\":\"3.15.5\",\"resolution\":\"E:\\\\Amazon\\\\functions\\\\node_modules\\\\firebase-functions\\\\lib\\\\index.js\"}}"}}
[debug] [2021-09-15T15:21:45.799Z] [runtime-status] [5828] Resolved module firebase-functions {"declared":true,"installed":true,"version":"3.15.5","resolution":"E:\\Amazon\\functions\\node_modules\\firebase-functions\\lib\\index.js"} {"metadata":{"emulator":{"name":"functions"},"message":"[runtime-status] [5828] Resolved module firebase-functions {\"declared\":true,\"installed\":true,\"version\":\"3.15.5\",\"resolution\":\"E:\\\\Amazon\\\\functions\\\\node_modules\\\\firebase-functions\\\\lib\\\\index.js\"}"}}
[debug] [2021-09-15T15:21:45.801Z] [runtime-status] [5828] Resolved module firebase-admin {"declared":true,"installed":true,"version":"9.11.1","resolution":"E:\\Amazon\\functions\\node_modules\\firebase-admin\\lib\\index.js"} {"metadata":{"emulator":{"name":"functions"},"message":"[runtime-status] [5828] Resolved module firebase-admin {\"declared\":true,\"installed\":true,\"version\":\"9.11.1\",\"resolution\":\"E:\\\\Amazon\\\\functions\\\\node_modules\\\\firebase-admin\\\\lib\\\\index.js\"}"}}
[debug] [2021-09-15T15:21:45.803Z] [runtime-status] [5828] Resolved module firebase-functions {"declared":true,"installed":true,"version":"3.15.5","resolution":"E:\\Amazon\\functions\\node_modules\\firebase-functions\\lib\\index.js"} {"metadata":{"emulator":{"name":"functions"},"message":"[runtime-status] [5828] Resolved module firebase-functions {\"declared\":true,\"installed\":true,\"version\":\"3.15.5\",\"resolution\":\"E:\\\\Amazon\\\\functions\\\\node_modules\\\\firebase-functions\\\\lib\\\\index.js\"}"}}
[debug] [2021-09-15T15:21:45.803Z] [runtime-status] [5828] firebase-admin has been stubbed. {"adminResolution":{"declared":true,"installed":true,"version":"9.11.1","resolution":"E:\\Amazon\\functions\\node_modules\\firebase-admin\\lib\\index.js"}} {"metadata":{"emulator":{"name":"functions"},"message":"[runtime-status] [5828] firebase-admin has been stubbed. {\"adminResolution\":{\"declared\":true,\"installed\":true,\"version\":\"9.11.1\",\"resolution\":\"E:\\\\Amazon\\\\functions\\\\node_modules\\\\firebase-admin\\\\lib\\\\index.js\"}}"}}
[debug] [2021-09-15T15:21:45.994Z] [worker-~diagnostic~-f25c64f0-6ef3-4e8f-9b5a-0b1e4c851faf]: IDLE {"metadata":{"emulator":{"name":"functions"},"message":"[worker-~diagnostic~-f25c64f0-6ef3-4e8f-9b5a-0b1e4c851faf]: IDLE"}}
[debug] [2021-09-15T15:21:46.813Z] [work-queue] {"queueLength":1,"workRunningCount":0}
[debug] [2021-09-15T15:21:46.813Z] [work-queue] {"queueLength":0,"workRunningCount":1}
[debug] [2021-09-15T15:21:46.813Z] Accepted request GET /challenge-44d4f/us-central1/api --> us-central1-api
[debug] [2021-09-15T15:21:46.813Z] [worker-pool] Cleaned up workers for ~diagnostic~: 2 --> 1 {"metadata":{"emulator":{"name":"functions"},"message":"[worker-pool] Cleaned up workers for ~diagnostic~: 2 --> 1"}}
[debug] [2021-09-15T15:21:46.814Z] [worker-pool] Cleaned up workers for us-central1-api: 1 --> 0 {"metadata":{"emulator":{"name":"functions"},"message":"[worker-pool] Cleaned up workers for us-central1-api: 1 --> 0"}}
[debug] [2021-09-15T15:21:46.819Z] [worker-pool] addWorker(us-central1-api) {"metadata":{"emulator":{"name":"functions"},"message":"[worker-pool] addWorker(us-central1-api)"}}
[debug] [2021-09-15T15:21:46.820Z] [worker-pool] Adding worker with key us-central1-api, total=1 {"metadata":{"emulator":{"name":"functions"},"message":"[worker-pool] Adding worker with key us-central1-api, total=1"}}
[debug] [2021-09-15T15:21:46.820Z] [worker-pool] submitWork(triggerId=us-central1-api) {"metadata":{"emulator":{"name":"functions"},"message":"[worker-pool] submitWork(triggerId=us-central1-api)"}}
[debug] [2021-09-15T15:21:46.820Z] [worker-us-central1-api-cce8a88a-1d35-4dad-b6bb-5c0bfaac3dde]: Assigning socketPath: \\?\pipe\E:\Amazon\functions\16996 {"metadata":{"emulator":{"name":"functions"},"message":"[worker-us-central1-api-cce8a88a-1d35-4dad-b6bb-5c0bfaac3dde]: Assigning socketPath: \\\\?\\pipe\\E:\\Amazon\\functions\\16996"}}
[debug] [2021-09-15T15:21:46.820Z] [worker-us-central1-api-cce8a88a-1d35-4dad-b6bb-5c0bfaac3dde]: BUSY {"metadata":{"emulator":{"name":"functions"},"message":"[worker-us-central1-api-cce8a88a-1d35-4dad-b6bb-5c0bfaac3dde]: BUSY"}}
[debug] [2021-09-15T15:21:47.261Z] [runtime-status] [16996] Functions runtime initialized. {"cwd":"E:\\Amazon\\functions","node_version":"14.17.5"} {"metadata":{"emulator":{"name":"functions"},"function":{"name":"us-central1-api"},"message":"[runtime-status] [16996] Functions runtime initialized. {\"cwd\":\"E:\\\\Amazon\\\\functions\",\"node_version\":\"14.17.5\"}"}}
[debug] [2021-09-15T15:21:47.265Z] [runtime-status] [16996] Disabled runtime features: undefined {"metadata":{"emulator":{"name":"functions"},"function":{"name":"us-central1-api"},"message":"[runtime-status] [16996] Disabled runtime features: undefined"}}
[debug] [2021-09-15T15:21:47.270Z] [runtime-status] [16996] Resolved module firebase-admin {"declared":true,"installed":true,"version":"9.11.1","resolution":"E:\\Amazon\\functions\\node_modules\\firebase-admin\\lib\\index.js"} {"metadata":{"emulator":{"name":"functions"},"function":{"name":"us-central1-api"},"message":"[runtime-status] [16996] Resolved module firebase-admin {\"declared\":true,\"installed\":true,\"version\":\"9.11.1\",\"resolution\":\"E:\\\\Amazon\\\\functions\\\\node_modules\\\\firebase-admin\\\\lib\\\\index.js\"}"}}
[debug] [2021-09-15T15:21:47.273Z] [runtime-status] [16996] Resolved module firebase-functions {"declared":true,"installed":true,"version":"3.15.5","resolution":"E:\\Amazon\\functions\\node_modules\\firebase-functions\\lib\\index.js"} {"metadata":{"emulator":{"name":"functions"},"function":{"name":"us-central1-api"},"message":"[runtime-status] [16996] Resolved module firebase-functions {\"declared\":true,\"installed\":true,\"version\":\"3.15.5\",\"resolution\":\"E:\\\\Amazon\\\\functions\\\\node_modules\\\\firebase-functions\\\\lib\\\\index.js\"}"}}
[debug] [2021-09-15T15:21:47.279Z] [runtime-status] [16996] Resolved module firebase-functions {"declared":true,"installed":true,"version":"3.15.5","resolution":"E:\\Amazon\\functions\\node_modules\\firebase-functions\\lib\\index.js"} {"metadata":{"emulator":{"name":"functions"},"function":{"name":"us-central1-api"},"message":"[runtime-status] [16996] Resolved module firebase-functions {\"declared\":true,\"installed\":true,\"version\":\"3.15.5\",\"resolution\":\"E:\\\\Amazon\\\\functions\\\\node_modules\\\\firebase-functions\\\\lib\\\\index.js\"}"}}
[debug] [2021-09-15T15:21:47.281Z] [runtime-status] [16996] Outgoing network have been stubbed. [{"name":"http","status":"mocked"},{"name":"http","status":"mocked"},{"name":"https","status":"mocked"},{"name":"https","status":"mocked"},{"name":"net","status":"mocked"}] {"metadata":{"emulator":{"name":"functions"},"function":{"name":"us-central1-api"},"message":"[runtime-status] [16996] Outgoing network have been stubbed. [{\"name\":\"http\",\"status\":\"mocked\"},{\"name\":\"http\",\"status\":\"mocked\"},{\"name\":\"https\",\"status\":\"mocked\"},{\"name\":\"https\",\"status\":\"mocked\"},{\"name\":\"net\",\"status\":\"mocked\"}]"}}
[debug] [2021-09-15T15:21:47.282Z] [runtime-status] [16996] Resolved module firebase-functions {"declared":true,"installed":true,"version":"3.15.5","resolution":"E:\\Amazon\\functions\\node_modules\\firebase-functions\\lib\\index.js"} {"metadata":{"emulator":{"name":"functions"},"function":{"name":"us-central1-api"},"message":"[runtime-status] [16996] Resolved module firebase-functions {\"declared\":true,\"installed\":true,\"version\":\"3.15.5\",\"resolution\":\"E:\\\\Amazon\\\\functions\\\\node_modules\\\\firebase-functions\\\\lib\\\\index.js\"}"}}
[debug] [2021-09-15T15:21:47.323Z] [runtime-status] [16996] Checked functions.config() {"config":{}} {"metadata":{"emulator":{"name":"functions"},"function":{"name":"us-central1-api"},"message":"[runtime-status] [16996] Checked functions.config() {\"config\":{}}"}}
[debug] [2021-09-15T15:21:47.324Z] [runtime-status] [16996] firebase-functions has been stubbed. {"functionsResolution":{"declared":true,"installed":true,"version":"3.15.5","resolution":"E:\\Amazon\\functions\\node_modules\\firebase-functions\\lib\\index.js"}} {"metadata":{"emulator":{"name":"functions"},"function":{"name":"us-central1-api"},"message":"[runtime-status] [16996] firebase-functions has been stubbed. {\"functionsResolution\":{\"declared\":true,\"installed\":true,\"version\":\"3.15.5\",\"resolution\":\"E:\\\\Amazon\\\\functions\\\\node_modules\\\\firebase-functions\\\\lib\\\\index.js\"}}"}}
[debug] [2021-09-15T15:21:47.325Z] [runtime-status] [16996] Resolved module firebase-functions {"declared":true,"installed":true,"version":"3.15.5","resolution":"E:\\Amazon\\functions\\node_modules\\firebase-functions\\lib\\index.js"} {"metadata":{"emulator":{"name":"functions"},"function":{"name":"us-central1-api"},"message":"[runtime-status] [16996] Resolved module firebase-functions {\"declared\":true,\"installed\":true,\"version\":\"3.15.5\",\"resolution\":\"E:\\\\Amazon\\\\functions\\\\node_modules\\\\firebase-functions\\\\lib\\\\index.js\"}"}}
[debug] [2021-09-15T15:21:47.327Z] [runtime-status] [16996] Resolved module firebase-admin {"declared":true,"installed":true,"version":"9.11.1","resolution":"E:\\Amazon\\functions\\node_modules\\firebase-admin\\lib\\index.js"} {"metadata":{"emulator":{"name":"functions"},"function":{"name":"us-central1-api"},"message":"[runtime-status] [16996] Resolved module firebase-admin {\"declared\":true,\"installed\":true,\"version\":\"9.11.1\",\"resolution\":\"E:\\\\Amazon\\\\functions\\\\node_modules\\\\firebase-admin\\\\lib\\\\index.js\"}"}}
[debug] [2021-09-15T15:21:47.328Z] [runtime-status] [16996] Resolved module firebase-functions {"declared":true,"installed":true,"version":"3.15.5","resolution":"E:\\Amazon\\functions\\node_modules\\firebase-functions\\lib\\index.js"} {"metadata":{"emulator":{"name":"functions"},"function":{"name":"us-central1-api"},"message":"[runtime-status] [16996] Resolved module firebase-functions {\"declared\":true,\"installed\":true,\"version\":\"3.15.5\",\"resolution\":\"E:\\\\Amazon\\\\functions\\\\node_modules\\\\firebase-functions\\\\lib\\\\index.js\"}"}}
[debug] [2021-09-15T15:21:47.328Z] [runtime-status] [16996] firebase-admin has been stubbed. {"adminResolution":{"declared":true,"installed":true,"version":"9.11.1","resolution":"E:\\Amazon\\functions\\node_modules\\firebase-admin\\lib\\index.js"}} {"metadata":{"emulator":{"name":"functions"},"function":{"name":"us-central1-api"},"message":"[runtime-status] [16996] firebase-admin has been stubbed. {\"adminResolution\":{\"declared\":true,\"installed\":true,\"version\":\"9.11.1\",\"resolution\":\"E:\\\\Amazon\\\\functions\\\\node_modules\\\\firebase-admin\\\\lib\\\\index.js\"}}"}}
[debug] [2021-09-15T15:21:47.468Z] [runtime-status] [16996] Trigger "us-central1-api" has been found, beginning invocation! {"metadata":{"emulator":{"name":"functions"},"function":{"name":"us-central1-api"},"message":"[runtime-status] [16996] Trigger \"us-central1-api\" has been found, beginning invocation!"}}
[info] i  functions: Beginning execution of "us-central1-api" {"metadata":{"emulator":{"name":"functions"},"function":{"name":"us-central1-api"},"message":"Beginning execution of \"us-central1-api\""}}
[debug] [2021-09-15T15:21:47.470Z] [runtime-status] [16996] triggerDefinition {"httpsTrigger":{},"name":"api","entryPoint":"api","regions":["us-central1"],"region":"us-central1","id":"us-central1-api"} {"metadata":{"emulator":{"name":"functions"},"function":{"name":"us-central1-api"},"message":"[runtime-status] [16996] triggerDefinition {\"httpsTrigger\":{},\"name\":\"api\",\"entryPoint\":\"api\",\"regions\":[\"us-central1\"],\"region\":\"us-central1\",\"id\":\"us-central1-api\"}"}}
[debug] [2021-09-15T15:21:47.470Z] [runtime-status] [16996] Running us-central1-api in mode HTTPS {"metadata":{"emulator":{"name":"functions"},"function":{"name":"us-central1-api"},"message":"[runtime-status] [16996] Running us-central1-api in mode HTTPS"}}
[debug] [2021-09-15T15:21:47.473Z] [runtime-status] [16996] Attempting to listen to socketPath: \\?\pipe\E:\Amazon\functions\16996 {"metadata":{"emulator":{"name":"functions"},"function":{"name":"us-central1-api"},"message":"[runtime-status] [16996] Attempting to listen to socketPath: \\\\?\\pipe\\E:\\Amazon\\functions\\16996"}}
[debug] [2021-09-15T15:21:47.476Z] [functions] Runtime ready! Sending request! {"metadata":{"emulator":{"name":"functions"},"message":"[functions] Runtime ready! Sending request!"}}
[debug] [2021-09-15T15:21:47.476Z] [functions] Got req.url=/challenge-44d4f/us-central1/api, mapping to path=/ {"metadata":{"emulator":{"name":"functions"},"message":"[functions] Got req.url=/challenge-44d4f/us-central1/api, mapping to path=/"}}
[debug] [2021-09-15T15:21:47.483Z] [runtime-status] [16996] Ephemeral server handling GET request {"metadata":{"emulator":{"name":"functions"},"function":{"name":"us-central1-api"},"message":"[runtime-status] [16996] Ephemeral server handling GET request"}}
[debug] [2021-09-15T15:21:47.489Z] [runtime-status] [16996] Ephemeral server survived. {"metadata":{"emulator":{"name":"functions"},"function":{"name":"us-central1-api"},"message":"[runtime-status] [16996] Ephemeral server survived."}}
[info] i  functions: Finished "us-central1-api" in ~1s {"metadata":{"emulator":{"name":"functions"},"function":{"name":"us-central1-api"},"message":"Finished \"us-central1-api\" in ~1s"}}
[debug] [2021-09-15T15:21:47.495Z] [worker-us-central1-api-cce8a88a-1d35-4dad-b6bb-5c0bfaac3dde]: IDLE {"metadata":{"emulator":{"name":"functions"},"message":"[worker-us-central1-api-cce8a88a-1d35-4dad-b6bb-5c0bfaac3dde]: IDLE"}}
[debug] [2021-09-15T15:21:47.495Z] [work-queue] {"queueLength":0,"workRunningCount":0}
[debug] [2021-09-15T15:21:47.562Z] Functions emulator received unknown request at path /favicon.ico
[debug] [2021-09-15T15:29:17.248Z] File E:\Amazon\functions\index.js changed, reloading triggers {"metadata":{"emulator":{"name":"functions"},"message":"File E:\\Amazon\\functions\\index.js changed, reloading triggers"}}
